[2019-09-06T14:18:22.924] [INFO] [src/index] - [GET]/
[2019-09-06T14:18:56.611] [INFO] [src/index] - [GET] /
[2019-09-06T14:18:56.821] [INFO] [src/index] - [GET] /favicon.ico
[2019-09-06T14:28:52.911] [INFO] [src/index] - [GET] /items
[2019-09-06T14:29:00.276] [INFO] [src/index] - [GET] /api/items
[2019-09-06T14:29:17.501] [INFO] [src/index] - [GET] /api/items
[2019-09-06T14:29:18.366] [INFO] [src/index] - [GET] /api/items
[2019-09-06T14:29:18.908] [INFO] [src/index] - [GET] /api/items
[2019-09-06T14:29:49.028] [INFO] [src/index] - [GET] /api/items
[2019-09-06T14:30:08.695] [INFO] [src/index] - [GET] /api/items
[2019-09-06T14:30:48.570] [INFO] [src/index] - [GET] /api/items
[2019-09-06T14:59:12.745] [INFO] [src/index] - [GET] /api/items
[2019-09-06T15:00:47.749] [INFO] [src/index] - [GET] /api/items
[2019-09-06T15:01:21.371] [INFO] [src/index] - [GET] /api/items
[2019-09-06T15:01:42.887] [INFO] [src/index] - [GET] /api/items
[2019-09-06T15:06:44.564] [INFO] [src/index] - [GET] /api/items
[2019-09-06T15:08:32.094] [INFO] [src/index] - [GET] /api/items
[2019-09-06T15:13:01.698] [INFO] [src/index] - [GET] /api/items
[2019-09-06T15:15:13.647] [INFO] [src/index] - [GET] /api/items
[2019-09-06T15:15:29.300] [INFO] [src/index] - [GET] /api/items
[2019-09-06T15:20:46.547] [INFO] [src/index] - [GET] /api/items
[2019-09-06T15:20:51.695] [INFO] [src/index] - [GET] /api/items
[2019-09-06T15:20:54.194] [INFO] [src/index] - [GET] /api/items
[2019-09-06T15:26:15.388] [INFO] [src/index] - [GET] /api/categories
[2019-09-06T15:35:06.022] [INFO] [src/index] - [GET] /api/categories
[2019-09-06T15:35:24.006] [INFO] [src/index] - [GET] /api/categories
[2019-09-06T15:43:45.944] [INFO] [src/index] - [GET] /api/jobs
[2019-09-06T15:43:46.085] [INFO] [src/index] - [GET] /api/categories
[2019-09-06T15:45:46.638] [INFO] [src/index] - [GET] /api/jobs
[2019-09-06T15:45:46.673] [INFO] [src/index] - [GET] /api/categories
[2019-09-06T15:46:04.593] [INFO] [src/index] - [GET] /api/jobs
[2019-09-06T15:46:04.622] [INFO] [src/index] - [GET] /api/categories
[2019-09-06T15:47:02.819] [INFO] [src/index] - [GET] /api/jobs
[2019-09-06T15:47:02.857] [INFO] [src/index] - [GET] /api/categories
[2019-09-06T15:47:58.428] [INFO] [src/index] - [GET] /api/jobs
[2019-09-06T15:47:58.465] [INFO] [src/index] - [GET] /api/categories
[2019-09-06T15:48:07.228] [INFO] [src/index] - [GET] /api/jobs
[2019-09-06T15:48:07.273] [INFO] [src/index] - [GET] /api/categories
[2019-09-06T15:50:26.629] [INFO] [src/index] - [GET] /api/jobs
[2019-09-06T15:50:26.661] [INFO] [src/index] - [GET] /api/categories
[2019-09-06T15:50:59.858] [INFO] [src/index] - [GET] /api/jobs
[2019-09-06T15:50:59.895] [INFO] [src/index] - [GET] /api/categories
[2019-09-06T15:51:40.498] [INFO] [src/index] - [GET] /api/jobs
[2019-09-06T15:51:40.523] [INFO] [src/index] - [GET] /api/categories
[2019-09-06T15:53:53.425] [INFO] [src/index] - [GET] /api/jobs
[2019-09-06T15:53:53.458] [INFO] [src/index] - [GET] /api/categories
[2019-09-06T15:54:44.694] [INFO] [src/index] - [GET] /api/jobs
[2019-09-06T15:54:44.726] [INFO] [src/index] - [GET] /api/categories
[2019-09-06T15:55:05.166] [INFO] [src/index] - [GET] /api/jobs
[2019-09-06T15:55:05.196] [INFO] [src/index] - [GET] /api/categories
[2019-09-06T15:55:21.065] [INFO] [src/index] - [GET] /api/jobs
[2019-09-06T15:55:21.094] [INFO] [src/index] - [GET] /api/categories
[2019-09-06T15:56:11.986] [INFO] [src/index] - [GET] /api/jobs
[2019-09-06T15:56:12.020] [INFO] [src/index] - [GET] /api/categories
[2019-09-06T15:56:29.000] [INFO] [src/index] - [GET] /api/jobs
[2019-09-06T15:56:29.034] [INFO] [src/index] - [GET] /api/categories
[2019-09-06T15:56:45.602] [INFO] [src/index] - [GET] /api/jobs
[2019-09-06T15:56:45.636] [INFO] [src/index] - [GET] /api/categories
[2019-09-06T16:00:24.586] [INFO] [src/index] - [GET] /api/jobs
[2019-09-06T16:00:24.612] [INFO] [src/index] - [GET] /api/categories
[2019-09-06T16:01:04.753] [INFO] [src/index] - [GET] /api/jobs
[2019-09-06T16:01:04.779] [INFO] [src/index] - [GET] /api/categories
[2019-09-06T16:01:13.043] [INFO] [src/index] - [GET] /api/jobs
[2019-09-06T16:01:13.072] [INFO] [src/index] - [GET] /api/categories
[2019-09-06T16:01:21.733] [INFO] [src/index] - [GET] /api/jobs
[2019-09-06T16:01:21.759] [INFO] [src/index] - [GET] /api/categories
[2019-09-06T16:02:57.144] [INFO] [src/index] - [GET] /api/jobs
[2019-09-06T16:02:57.176] [INFO] [src/index] - [GET] /api/categories
[2019-09-06T16:03:08.836] [INFO] [src/index] - [GET] /api/jobs
[2019-09-06T16:03:08.874] [INFO] [src/index] - [GET] /api/categories
[2019-09-06T16:03:26.485] [INFO] [src/index] - [GET] /api/jobs
[2019-09-06T16:03:26.516] [INFO] [src/index] - [GET] /api/categories
[2019-09-06T16:32:47.515] [INFO] [src/index] - [GET] /api/jobs
[2019-09-06T16:32:47.591] [INFO] [src/index] - [GET] /api/categories
[2019-09-06T16:42:59.969] [INFO] [src/index] - [GET] /api/jobs
[2019-09-06T16:43:00.004] [INFO] [src/index] - [GET] /api/categories
[2019-09-06T16:43:03.066] [INFO] [src/index] - [GET] /api/jobs
[2019-09-06T16:43:03.092] [INFO] [src/index] - [GET] /api/categories
[2019-09-06T16:43:07.729] [INFO] [src/index] - [GET] /api/jobs
[2019-09-06T16:43:07.753] [INFO] [src/index] - [GET] /api/categories
[2019-09-06T16:43:10.334] [INFO] [src/index] - [GET] /api/jobs
[2019-09-06T16:43:10.358] [INFO] [src/index] - [GET] /api/categories
[2019-09-06T17:05:42.482] [INFO] [src/index] - [GET] /api/jobs
[2019-09-06T17:05:42.535] [INFO] [src/index] - [GET] /api/categories
[2019-09-07T12:13:17.917] [INFO] [src/index] - [GET] /api/jobs
[2019-09-07T12:13:17.961] [INFO] [src/index] - [GET] /api/categories
[2019-09-07T12:27:25.174] [INFO] [src/index] - [GET] /api/jobs
[2019-09-07T12:27:25.218] [INFO] [src/index] - [GET] /api/categories
[2019-09-07T12:31:11.068] [INFO] [src/index] - [GET] /api/jobs
[2019-09-07T12:31:11.099] [INFO] [src/index] - [GET] /api/categories
[2019-09-07T12:31:21.062] [INFO] [src/index] - [GET] /api/jobs
[2019-09-07T12:31:21.103] [INFO] [src/index] - [GET] /api/categories
[2019-09-07T12:31:25.999] [INFO] [src/index] - [GET] /api/jobs
[2019-09-07T12:31:26.019] [INFO] [src/index] - [GET] /api/categories
[2019-09-07T12:34:20.977] [INFO] [src/index] - [GET] /api/jobs
[2019-09-07T12:34:21.008] [INFO] [src/index] - [GET] /api/categories
[2019-09-07T12:45:37.683] [INFO] [src/index] - [GET] /api/jobs
[2019-09-07T12:45:37.737] [INFO] [src/index] - [GET] /api/categories
[2019-09-07T12:45:54.889] [INFO] [src/index] - [GET] /api/jobs
[2019-09-07T12:45:54.924] [INFO] [src/index] - [GET] /api/categories
[2019-09-07T12:50:32.400] [INFO] [src/index] - [GET] /api/jobs
[2019-09-07T12:50:32.447] [INFO] [src/index] - [GET] /api/categories
[2019-09-07T12:53:05.270] [INFO] [src/index] - [GET] /api/jobs
[2019-09-07T12:53:05.322] [INFO] [src/index] - [GET] /api/categories
[2019-09-07T19:46:13.154] [INFO] [src/index] - [GET] /api/jobs
[2019-09-07T19:46:13.251] [INFO] [src/index] - [GET] /api/categories
[2019-09-07T20:41:30.037] [INFO] [src/index] - [GET] /api/jobs
[2019-09-07T20:41:30.153] [INFO] [src/index] - [GET] /api/categories
[2019-09-07T20:42:20.480] [INFO] [src/index] - [GET] /api/jobs
[2019-09-07T20:42:20.531] [INFO] [src/index] - [GET] /api/categories
[2019-09-07T20:46:26.230] [INFO] [src/index] - [GET] /api/jobs
[2019-09-07T20:46:26.265] [INFO] [src/index] - [GET] /api/categories
[2019-09-07T20:47:10.822] [INFO] [src/index] - [GET] /api/jobs
[2019-09-07T20:47:10.856] [INFO] [src/index] - [GET] /api/categories
[2019-09-07T20:48:28.886] [INFO] [src/index] - [GET] /api/jobs
[2019-09-07T20:48:28.921] [INFO] [src/index] - [GET] /api/categories
[2019-09-07T20:54:25.959] [INFO] [src/index] - [GET] /api/jobs
[2019-09-07T20:54:26.005] [INFO] [src/index] - [GET] /api/categories
[2019-09-07T20:56:06.863] [INFO] [src/index] - [GET] /api/jobs
[2019-09-07T20:56:06.899] [INFO] [src/index] - [GET] /api/categories
[2019-09-07T20:58:04.917] [INFO] [src/index] - [GET] /api/jobs
[2019-09-07T20:58:04.964] [INFO] [src/index] - [GET] /api/categories
[2019-09-07T20:58:21.458] [INFO] [src/index] - [GET] /api/jobs
[2019-09-07T20:58:21.503] [INFO] [src/index] - [GET] /api/categories
[2019-09-07T20:59:24.973] [INFO] [src/index] - [GET] /api/jobs
[2019-09-07T20:59:25.019] [INFO] [src/index] - [GET] /api/categories
[2019-09-07T21:02:22.443] [INFO] [src/index] - [GET] /api/jobs
[2019-09-07T21:02:22.484] [INFO] [src/index] - [GET] /api/categories
[2019-09-07T21:03:06.831] [INFO] [src/index] - [GET] /api/jobs
[2019-09-07T21:03:06.866] [INFO] [src/index] - [GET] /api/categories
[2019-09-07T21:10:09.122] [INFO] [src/index] - [GET] /api/jobs
[2019-09-07T21:10:09.255] [INFO] [src/index] - [GET] /api/categories
[2019-09-07T21:28:42.981] [INFO] [src/index] - [GET] /api/jobs
[2019-09-07T21:28:43.043] [INFO] [src/index] - [GET] /api/categories
[2019-09-07T21:28:45.634] [INFO] [src/index] - [GET] /api/jobs
[2019-09-07T21:28:45.655] [INFO] [src/index] - [GET] /api/categories
[2019-09-07T22:08:51.907] [INFO] [src/index] - [GET] /api/jobs
[2019-09-07T22:08:51.992] [INFO] [src/index] - [GET] /api/categories
[2019-09-07T22:31:05.546] [INFO] [src/index] - [GET] /api/jobs
[2019-09-07T22:31:05.604] [INFO] [src/index] - [GET] /api/categories
[2019-09-07T22:31:15.213] [INFO] [src/index] - [GET] /api/jobs
[2019-09-07T22:31:15.248] [INFO] [src/index] - [GET] /api/categories
[2019-09-07T22:31:21.028] [INFO] [src/index] - [GET] /api/jobs
[2019-09-07T22:31:21.050] [INFO] [src/index] - [GET] /api/categories
[2019-09-07T22:34:39.050] [INFO] [src/index] - [GET] /api/jobs
[2019-09-07T22:34:39.097] [INFO] [src/index] - [GET] /api/categories
[2019-09-07T22:37:47.093] [INFO] [src/index] - [GET] /api/items
[2019-09-07T22:38:03.125] [INFO] [src/index] - [GET] /api/items
[2019-09-07T22:38:15.870] [INFO] [src/index] - [GET] /api/items?id=1
[2019-09-07T22:39:14.913] [INFO] [src/index] - [GET] /api/items?id=1
[2019-09-07T22:39:22.264] [INFO] [src/index] - [GET] /api/items?id=
[2019-09-07T22:39:32.862] [INFO] [src/index] - [GET] /api/items?id=1
[2019-09-07T22:42:03.393] [INFO] [src/index] - [GET] /api/items?id=1
[2019-09-07T22:42:06.878] [INFO] [src/index] - [GET] /api/items?id=2
[2019-09-07T22:42:10.165] [INFO] [src/index] - [GET] /api/items?id=1
[2019-09-07T22:43:56.428] [INFO] [src/index] - [GET] /api/jobs
[2019-09-07T22:43:56.475] [INFO] [src/index] - [GET] /api/categories
[2019-09-07T22:43:57.187] [INFO] [src/index] - [GET] /api/items?cate_id=1
[2019-09-07T22:44:02.325] [INFO] [src/index] - [GET] /api/items?cate_id=2
[2019-09-07T22:44:03.471] [INFO] [src/index] - [GET] /api/items?cate_id=1
[2019-09-07T22:44:04.251] [INFO] [src/index] - [GET] /api/items?cate_id=2
[2019-09-07T22:55:38.153] [INFO] [src/index] - [GET] /api/items?cate_id=1
[2019-09-07T22:55:45.668] [INFO] [src/index] - [GET] /api/jobs
[2019-09-07T22:55:45.712] [INFO] [src/index] - [GET] /api/categories
[2019-09-07T22:55:46.367] [INFO] [src/index] - [GET] /api/items?cate_id=1
[2019-09-07T22:56:20.202] [INFO] [src/index] - [GET] /api/jobs
[2019-09-07T22:56:20.245] [INFO] [src/index] - [GET] /api/categories
[2019-09-07T22:56:21.078] [INFO] [src/index] - [GET] /api/items?cate_id=1
[2019-09-07T22:57:22.679] [INFO] [src/index] - [GET] /api/jobs
[2019-09-07T22:57:22.712] [INFO] [src/index] - [GET] /api/categories
[2019-09-07T22:57:23.396] [INFO] [src/index] - [GET] /api/items?cate_id=1
[2019-09-07T22:57:27.741] [INFO] [src/index] - [GET] /api/items?cate_id=2
[2019-09-07T22:57:30.260] [INFO] [src/index] - [GET] /api/items?cate_id=3
[2019-09-07T22:57:33.065] [INFO] [src/index] - [GET] /api/items?cate_id=3
[2019-09-07T22:57:38.238] [INFO] [src/index] - [GET] /api/items?cate_id=4
[2019-09-07T22:57:42.423] [INFO] [src/index] - [GET] /api/items?cate_id=1
[2019-09-08T08:09:07.694] [INFO] [src/index] - [GET] /api/jobs
[2019-09-08T08:09:07.762] [INFO] [src/index] - [GET] /api/categories
[2019-09-08T08:09:08.701] [INFO] [src/index] - [GET] /api/items?cate_id=1
[2019-09-08T08:09:27.367] [INFO] [src/index] - [GET] /api/jobs
[2019-09-08T08:09:27.406] [INFO] [src/index] - [GET] /api/categories
[2019-09-08T08:09:28.146] [INFO] [src/index] - [GET] /api/items?cate_id=1
[2019-09-08T08:09:44.371] [INFO] [src/index] - [GET] /api/jobs
[2019-09-08T08:09:44.414] [INFO] [src/index] - [GET] /api/categories
[2019-09-08T08:09:45.078] [INFO] [src/index] - [GET] /api/items?cate_id=1
[2019-09-08T08:12:59.977] [INFO] [src/index] - [GET] /api/items?cate_id=1
[2019-09-08T08:13:03.291] [INFO] [src/index] - [GET] /api/items?cate_id=4
[2019-09-08T08:13:03.312] [INFO] [src/index] - [GET] /api/items?cate_id=8
[2019-09-08T08:13:06.228] [INFO] [src/index] - [GET] /api/jobs
[2019-09-08T08:13:06.252] [INFO] [src/index] - [GET] /api/categories
[2019-09-08T08:13:07.352] [INFO] [src/index] - [GET] /api/items
[2019-09-08T08:13:10.311] [INFO] [src/index] - [GET] /api/items?cate_id=2
[2019-09-08T08:13:39.969] [INFO] [src/index] - [GET] /api/items?cate_id=2
[2019-09-08T08:13:41.909] [INFO] [src/index] - [GET] /api/items
[2019-09-08T08:13:44.147] [INFO] [src/index] - [GET] /api/items?cate_id=2
[2019-09-08T08:13:57.178] [INFO] [src/index] - [GET] /api/items?cate_id=1
[2019-09-08T08:17:57.789] [INFO] [src/index] - [GET] /api/items?cate_id=2
[2019-09-08T08:17:59.988] [INFO] [src/index] - [GET] /api/items?cate_id=1
[2019-09-08T08:18:02.301] [INFO] [src/index] - [GET] /api/items
[2019-09-08T08:27:10.828] [INFO] [src/index] - [GET] /api/items?cate_id=6
[2019-09-08T08:27:12.515] [INFO] [src/index] - [GET] /api/items?cate_id=2
[2019-09-08T08:27:16.394] [INFO] [src/index] - [GET] /api/items?cate_id=3
[2019-09-08T08:27:17.620] [INFO] [src/index] - [GET] /api/items?cate_id=2
[2019-09-08T08:33:01.799] [INFO] [src/index] - [GET] /api/jobs
[2019-09-08T08:33:01.837] [INFO] [src/index] - [GET] /api/categories
[2019-09-08T08:33:02.617] [INFO] [src/index] - [GET] /api/items?cate_id=1
[2019-09-08T08:33:30.240] [INFO] [src/index] - [GET] /api/items
[2019-09-08T08:33:37.601] [INFO] [src/index] - [GET] /api/items
[2019-09-08T08:34:04.870] [INFO] [src/index] - [GET] /api/items
[2019-09-08T08:41:46.160] [INFO] [src/index] - [GET] /api/items
[2019-09-08T08:41:48.676] [INFO] [src/index] - [GET] /api/items?cate_id=1
[2019-09-08T08:42:39.229] [INFO] [src/index] - [GET] /api/jobs
[2019-09-08T08:42:39.298] [INFO] [src/index] - [GET] /api/categories
[2019-09-08T08:42:40.646] [INFO] [src/index] - [GET] /api/items?cate_id=1
[2019-09-08T08:42:45.431] [INFO] [src/index] - [GET] /api/items?cate_id=1
[2019-09-08T08:42:46.978] [INFO] [src/index] - [GET] /api/items?cate_id=2
[2019-09-08T08:42:48.831] [INFO] [src/index] - [GET] /api/items
[2019-09-08T08:42:52.153] [INFO] [src/index] - [GET] /api/items?cate_id=1
[2019-09-08T08:42:53.768] [INFO] [src/index] - [GET] /api/items?cate_id=3
[2019-09-08T08:42:55.371] [INFO] [src/index] - [GET] /api/items?cate_id=2
[2019-09-08T08:44:20.204] [INFO] [src/index] - [GET] /api/items
[2019-09-08T08:49:22.602] [INFO] [src/index] - [GET] /api/jobs
[2019-09-08T08:49:22.642] [INFO] [src/index] - [GET] /api/categories
[2019-09-08T08:49:23.479] [INFO] [src/index] - [GET] /api/items?cate_id=1
[2019-09-08T08:50:19.984] [INFO] [src/index] - [GET] /api/jobs
[2019-09-08T08:50:20.020] [INFO] [src/index] - [GET] /api/categories
[2019-09-08T08:50:20.952] [INFO] [src/index] - [GET] /api/items
[2019-09-08T08:51:22.757] [INFO] [src/index] - [GET] /api/jobs
[2019-09-08T08:51:22.803] [INFO] [src/index] - [GET] /api/categories
[2019-09-08T08:51:23.862] [INFO] [src/index] - [GET] /api/items?cate_id=1
[2019-09-08T08:51:41.286] [INFO] [src/index] - [GET] /api/jobs
[2019-09-08T08:51:41.317] [INFO] [src/index] - [GET] /api/categories
[2019-09-08T08:51:41.990] [INFO] [src/index] - [GET] /api/items
[2019-09-08T08:52:18.460] [INFO] [src/index] - [GET] /api/jobs
[2019-09-08T08:52:18.493] [INFO] [src/index] - [GET] /api/categories
[2019-09-08T08:52:19.128] [INFO] [src/index] - [GET] /api/items
[2019-09-08T08:54:12.034] [INFO] [src/index] - [GET] /api/jobs
[2019-09-08T08:54:12.065] [INFO] [src/index] - [GET] /api/categories
[2019-09-08T08:54:12.685] [INFO] [src/index] - [GET] /api/items
[2019-09-08T08:54:50.453] [INFO] [src/index] - [GET] /api/items?cate_id=1
[2019-09-08T08:54:52.562] [INFO] [src/index] - [GET] /api/items?cate_id=2
[2019-09-08T08:54:54.199] [INFO] [src/index] - [GET] /api/items
[2019-09-08T08:58:20.794] [INFO] [src/index] - [GET] /api/jobs
[2019-09-08T08:58:20.834] [INFO] [src/index] - [GET] /api/categories
[2019-09-08T08:58:21.623] [INFO] [src/index] - [GET] /api/items
[2019-09-08T08:58:24.439] [INFO] [src/index] - [GET] /api/items?cate_id=2
[2019-09-08T08:58:26.436] [INFO] [src/index] - [GET] /api/items?cate_id=1
[2019-09-08T08:59:13.509] [INFO] [src/index] - [GET] /api/jobs
[2019-09-08T08:59:13.542] [INFO] [src/index] - [GET] /api/categories
[2019-09-08T08:59:14.832] [INFO] [src/index] - [GET] /api/items
[2019-09-08T08:59:44.838] [INFO] [src/index] - [GET] /api/items?cate_id=1
[2019-09-08T08:59:46.562] [INFO] [src/index] - [GET] /api/items?cate_id=2
[2019-09-08T08:59:49.367] [INFO] [src/index] - [GET] /api/items?cate_id=3
[2019-09-08T09:00:03.856] [INFO] [src/index] - [GET] /api/jobs
[2019-09-08T09:00:03.885] [INFO] [src/index] - [GET] /api/categories
[2019-09-08T09:00:08.222] [INFO] [src/index] - [GET] /api/jobs
[2019-09-08T09:00:08.246] [INFO] [src/index] - [GET] /api/categories
[2019-09-08T09:00:12.287] [INFO] [src/index] - [GET] /api/items?cate_id=1
[2019-09-08T09:01:06.788] [INFO] [src/index] - [GET] /api/items?cate_id=2
[2019-09-08T09:01:10.176] [INFO] [src/index] - [GET] /api/items?cate_id=3
[2019-09-08T09:01:11.446] [INFO] [src/index] - [GET] /api/items?cate_id=4
[2019-09-08T09:01:13.290] [INFO] [src/index] - [GET] /api/items?cate_id=5
[2019-09-08T09:01:16.438] [INFO] [src/index] - [GET] /api/items?cate_id=6
[2019-09-08T09:01:34.475] [INFO] [src/index] - [GET] /api/items
[2019-09-08T09:02:21.959] [INFO] [src/index] - [GET] /api/items?cate_id=1
[2019-09-08T09:03:28.060] [INFO] [src/index] - [GET] /api/jobs
[2019-09-08T09:03:28.090] [INFO] [src/index] - [GET] /api/categories
[2019-09-08T09:03:31.161] [INFO] [src/index] - [GET] /api/items
[2019-09-08T11:30:53.981] [INFO] [src/index] - [GET] /api/items?id=1
[2019-09-08T11:39:40.449] [INFO] [src/index] - [GET] /
[2019-09-08T11:39:40.633] [INFO] [src/index] - [GET] /favicon.ico
[2019-09-08T11:40:29.724] [INFO] [src/index] - [GET] /
[2019-09-08T11:40:29.860] [INFO] [src/index] - [GET] /favicon.ico
[2019-09-08T11:41:03.536] [INFO] [src/index] - [GET] /api/jobs
[2019-09-08T11:41:07.221] [INFO] [src/index] - [GET] /api/categories
[2019-09-08T11:41:10.845] [INFO] [src/index] - [GET] /api/items
[2019-09-08T11:41:18.090] [INFO] [src/index] - [GET] /api/items?cate_id=1
[2019-09-08T11:41:42.219] [INFO] [src/index] - [GET] /api/items
[2019-09-08T11:41:52.005] [INFO] [src/index] - [GET] /api/items?cate_id=1
[2019-09-08T11:41:55.621] [INFO] [src/index] - [GET] /api/items?cate_id=2
[2019-09-08T11:42:03.813] [INFO] [src/index] - [GET] /api/items
[2019-09-08T11:42:15.803] [INFO] [src/index] - [GET] /api/jobs
[2019-09-08T11:42:15.843] [INFO] [src/index] - [GET] /api/categories
[2019-09-08T11:42:20.290] [INFO] [src/index] - [GET] /api/items?cate_id=1
[2019-09-08T11:42:26.345] [INFO] [src/index] - [GET] /api/items?cate_id=2
[2019-09-08T11:45:01.619] [INFO] [src/index] - [GET] /api/jobs
[2019-09-08T11:45:01.663] [INFO] [src/index] - [GET] /api/categories
[2019-09-08T11:45:06.499] [INFO] [src/index] - [GET] /api/items?cate_id=1
[2019-09-08T11:47:59.773] [INFO] [src/index] - [GET] /api/items?cate_id=8
[2019-09-08T11:48:00.052] [INFO] [src/index] - [GET] /api/items?cate_id=8
[2019-09-08T11:48:00.580] [INFO] [src/index] - [GET] /api/items?cate_id=8
[2019-09-08T11:48:00.696] [INFO] [src/index] - [GET] /api/items?cate_id=8
[2019-09-08T11:48:00.910] [INFO] [src/index] - [GET] /api/items?cate_id=8
[2019-09-08T11:48:01.093] [INFO] [src/index] - [GET] /api/items?cate_id=8
[2019-09-08T11:48:01.294] [INFO] [src/index] - [GET] /api/items?cate_id=8
[2019-09-08T11:48:04.472] [INFO] [src/index] - [GET] /api/items?cate_id=10
[2019-09-08T11:48:08.057] [INFO] [src/index] - [GET] /api/items
[2019-09-08T11:56:22.908] [INFO] [src/index] - [GET] /api/items?cate_id=6
[2019-09-08T11:56:24.702] [INFO] [src/index] - [GET] /api/items?cate_id=1
[2019-09-08T11:57:56.605] [INFO] [src/index] - [GET] /api/jobs
[2019-09-08T11:57:56.657] [INFO] [src/index] - [GET] /api/categories
[2019-09-08T11:57:57.682] [INFO] [src/index] - [GET] /api/items?cate_id=1
[2019-09-08T11:58:03.324] [INFO] [src/index] - [GET] /api/items?cate_id=2
[2019-09-08T11:58:10.694] [INFO] [src/index] - [GET] /api/items?cate_id=2
[2019-09-08T11:58:13.862] [INFO] [src/index] - [GET] /api/items?cate_id=1
[2019-09-08T11:58:26.904] [INFO] [src/index] - [GET] /api/jobs
[2019-09-08T11:58:26.936] [INFO] [src/index] - [GET] /api/categories
[2019-09-08T11:58:27.839] [INFO] [src/index] - [GET] /api/items?cate_id=1
